<?xml version="1.0" encoding="UTF-8"?>
<!-- Generated by org.testng.reporters.JUnitXMLReporter -->
<testsuite ignored="1" hostname="Harneets-MBP" failures="0" tests="1" name="Default test" time="5.062" errors="0" timestamp="2024-07-25T13:07:14 EDT">
  <testcase classname="com.docker.Setup_DockerGrid" name="stopDockerGrid" time="5.032"/>
  <testcase classname="com.docker.Setup_DockerGrid" name="startDockerGrid" time="0.0">
    <ignored/>
  </testcase> <!-- startDockerGrid -->
</testsuite> <!-- Default test -->
