<?xml version="1.0" encoding="UTF-8"?>
<!-- Generated by org.testng.reporters.JUnitXMLReporter -->
<testsuite ignored="0" hostname="Harneets-MacBook-Pro.local" failures="0" tests="3" name="Test" time="34.299" errors="0" timestamp="2024-08-29T14:37:32 EDT">
  <testcase classname="com.docker.FirefoxTest" name="test2" time="11.578"/>
  <testcase classname="com.docker.ChromeTest" name="test1" time="13.589"/>
  <testcase classname="com.docker.MicrosoftEdgeTest" name="test3" time="14.215"/>
</testsuite> <!-- Test -->
