<?xml version="1.0" encoding="UTF-8"?>
<!-- Generated by org.testng.reporters.JUnitXMLReporter -->
<testsuite ignored="0" hostname="Harneets-MacBook-Pro.local" failures="0" tests="3" name="Test" time="77.962" errors="0" timestamp="2024-08-29T14:32:30 EDT">
  <testcase classname="com.docker.ChromeTest" name="test1" time="13.522"/>
  <testcase classname="com.docker.FirefoxTest" name="test2" time="19.946"/>
  <testcase classname="com.docker.MicrosoftEdgeTest" name="test3" time="57.87"/>
</testsuite> <!-- Test -->
