<?xml version="1.0" encoding="UTF-8"?>
<testng-results ignored="0" total="3" passed="3" failed="0" skipped="0">
  <reporter-output>
  </reporter-output>
  <suite started-at="2024-08-29T14:31:12 EDT" name="Suite" finished-at="2024-08-29T14:32:30 EDT" duration-ms="77962">
    <groups>
    </groups>
    <test started-at="2024-08-29T14:31:12 EDT" name="Test" finished-at="2024-08-29T14:32:30 EDT" duration-ms="77962">
      <class name="com.docker.Setup_DockerGrid">
        <test-method is-config="true" signature="startDockerGrid()[pri:0, instance:com.docker.Setup_DockerGrid@5e316c74]" started-at="2024-08-29T14:31:12 EDT" name="startDockerGrid" finished-at="2024-08-29T14:31:27 EDT" duration-ms="15015" status="PASS">
          <reporter-output>
          </reporter-output>
        </test-method> <!-- startDockerGrid -->
        <test-method is-config="true" signature="stopDockerGrid()[pri:0, instance:com.docker.Setup_DockerGrid@5e316c74]" started-at="2024-08-29T14:32:25 EDT" name="stopDockerGrid" finished-at="2024-08-29T14:32:30 EDT" duration-ms="5022" status="PASS">
          <reporter-output>
          </reporter-output>
        </test-method> <!-- stopDockerGrid -->
      </class> <!-- com.docker.Setup_DockerGrid -->
      <class name="com.docker.ChromeTest">
        <test-method signature="test1()[pri:0, instance:com.docker.ChromeTest@77167fb7]" started-at="2024-08-29T14:31:27 EDT" name="test1" finished-at="2024-08-29T14:31:41 EDT" duration-ms="13522" status="PASS">
          <reporter-output>
          </reporter-output>
        </test-method> <!-- test1 -->
      </class> <!-- com.docker.ChromeTest -->
      <class name="com.docker.MicrosoftEdgeTest">
        <test-method signature="test3()[pri:0, instance:com.docker.MicrosoftEdgeTest@1fe20588]" started-at="2024-08-29T14:31:27 EDT" name="test3" finished-at="2024-08-29T14:32:25 EDT" duration-ms="57870" status="PASS">
          <reporter-output>
          </reporter-output>
        </test-method> <!-- test3 -->
      </class> <!-- com.docker.MicrosoftEdgeTest -->
      <class name="com.docker.FirefoxTest">
        <test-method signature="test2()[pri:0, instance:com.docker.FirefoxTest@79efed2d]" started-at="2024-08-29T14:31:27 EDT" name="test2" finished-at="2024-08-29T14:31:47 EDT" duration-ms="19946" status="PASS">
          <reporter-output>
          </reporter-output>
        </test-method> <!-- test2 -->
      </class> <!-- com.docker.FirefoxTest -->
    </test> <!-- Test -->
  </suite> <!-- Suite -->
</testng-results>
