<?xml version="1.0" encoding="UTF-8"?>
<testng-results ignored="0" total="3" passed="3" failed="0" skipped="0">
  <reporter-output>
  </reporter-output>
  <suite started-at="2024-08-29T14:36:58 EDT" name="Suite" finished-at="2024-08-29T14:37:32 EDT" duration-ms="34299">
    <groups>
    </groups>
    <test started-at="2024-08-29T14:36:58 EDT" name="Test" finished-at="2024-08-29T14:37:32 EDT" duration-ms="34299">
      <class name="com.docker.Setup_DockerGrid">
        <test-method is-config="true" signature="startDockerGrid()[pri:0, instance:com.docker.Setup_DockerGrid@7722c3c3]" started-at="2024-08-29T14:36:58 EDT" name="startDockerGrid" finished-at="2024-08-29T14:37:13 EDT" duration-ms="15014" status="PASS">
          <reporter-output>
          </reporter-output>
        </test-method> <!-- startDockerGrid -->
        <test-method is-config="true" signature="stopDockerGrid()[pri:0, instance:com.docker.Setup_DockerGrid@7722c3c3]" started-at="2024-08-29T14:37:27 EDT" name="stopDockerGrid" finished-at="2024-08-29T14:37:32 EDT" duration-ms="5023" status="PASS">
          <reporter-output>
          </reporter-output>
        </test-method> <!-- stopDockerGrid -->
      </class> <!-- com.docker.Setup_DockerGrid -->
      <class name="com.docker.ChromeTest">
        <test-method signature="test1()[pri:0, instance:com.docker.ChromeTest@30ee2816]" started-at="2024-08-29T14:37:13 EDT" name="test1" finished-at="2024-08-29T14:37:27 EDT" duration-ms="13589" status="PASS">
          <reporter-output>
          </reporter-output>
        </test-method> <!-- test1 -->
      </class> <!-- com.docker.ChromeTest -->
      <class name="com.docker.MicrosoftEdgeTest">
        <test-method signature="test3()[pri:0, instance:com.docker.MicrosoftEdgeTest@31d7b7bf]" started-at="2024-08-29T14:37:13 EDT" name="test3" finished-at="2024-08-29T14:37:27 EDT" duration-ms="14215" status="PASS">
          <reporter-output>
          </reporter-output>
        </test-method> <!-- test3 -->
      </class> <!-- com.docker.MicrosoftEdgeTest -->
      <class name="com.docker.FirefoxTest">
        <test-method signature="test2()[pri:0, instance:com.docker.FirefoxTest@6a400542]" started-at="2024-08-29T14:37:13 EDT" name="test2" finished-at="2024-08-29T14:37:25 EDT" duration-ms="11578" status="PASS">
          <reporter-output>
          </reporter-output>
        </test-method> <!-- test2 -->
      </class> <!-- com.docker.FirefoxTest -->
    </test> <!-- Test -->
  </suite> <!-- Suite -->
</testng-results>
